<?xml version="1.0" encoding="UTF-8"?>
<!-- Generated by org.testng.reporters.JUnitXMLReporter -->
<testsuite hostname="LAPTOP-I5MPUN7Q" ignored="0" name="Test" tests="1" failures="1" timestamp="2022-06-02T12:15:41 IST" time="12.677" errors="0">
  <testcase name="endToEndTest" time="6.129" classname="com.helpBot.testcases.EndToEndTest">
    <failure type="java.lang.AssertionError" message="expected [Security Measure] but found [eBay Customer Service]">
      <![CDATA[java.lang.AssertionError: expected [Security Measure] but found [eBay Customer Service]
at botPages.HelpAndContact.clickOn(HelpAndContact.java:27)
at com.helpBot.testcases.EndToEndTest.endToEndTest(EndToEndTest.java:36)
at java.util.ArrayList.forEach(ArrayList.java:1259)
... Removed 33 stack frames]]>
    </failure>
  </testcase> <!-- endToEndTest -->
</testsuite> <!-- Test -->
